#
# There is insufficient memory for the Java Runtime Environment to continue.
# Native memory allocation (mmap) failed to map 27262976 bytes for Failed to commit area from 0x000000008a600000 to 0x000000008c000000 of length 27262976.
# Possible reasons:
#   The system is out of physical RAM or swap space
#   The process is running with CompressedOops enabled, and the Java Heap may be blocking the growth of the native heap
# Possible solutions:
#   Reduce memory load on the system
#   Increase physical memory or swap space
#   Check if swap backing store is full
#   Decrease Java heap size (-Xmx/-Xms)
#   Decrease number of Java threads
#   Decrease Java thread stack sizes (-Xss)
#   Set larger code cache with -XX:ReservedCodeCacheSize=
#   JVM is running with Unscaled Compressed Oops mode in which the Java heap is
#     placed in the first 4GB address space. The Java Heap base address is the
#     maximum limit for the native heap growth. Please use -XX:HeapBaseMinAddress
#     to set the Java Heap base and to place the Java Heap above 4GB virtual address.
# This output file may be truncated or incomplete.
#
#  Out of Memory Error (./open/src/hotspot/os/windows/os_windows.cpp:3287), pid=82568, tid=4316
#
# JRE version: Java(TM) SE Runtime Environment 18.9 (11.0.15.1+2) (build 11.0.15.1+2-LTS-10)
# Java VM: Java HotSpot(TM) 64-Bit Server VM 18.9 (11.0.15.1+2-LTS-10, mixed mode, tiered, compressed oops, g1 gc, windows-amd64)
# No core dump will be written. Minidumps are not enabled by default on client versions of Windows
#

---------------  S U M M A R Y ------------

Command Line: -XX:TieredStopAtLevel=1 -Xverify:none -Dspring.output.ansi.enabled=always -Dcom.sun.management.jmxremote -Dspring.jmx.enabled=true -Dspring.liveBeansView.mbeanDomain -Dspring.application.admin.enabled=true -javaagent:C:\Program Files\JetBrains\IntelliJ IDEA 2022.2.2\lib\idea_rt.jar=52583:C:\Program Files\JetBrains\IntelliJ IDEA 2022.2.2\bin -Dfile.encoding=UTF-8 com.ciclo3.reto.reto3.Reto3Application

Host: Intel(R) Core(TM) i5-10210U CPU @ 1.60GHz, 8 cores, 7G,  Windows 11 , 64 bit Build 22000 (10.0.22000.708)
Time: Sat Oct  1 22:31:16 2022 Hora est. Pacífico, Sudamérica elapsed time: 5.796176 seconds (0d 0h 0m 5s)

---------------  T H R E A D  ---------------

Current thread (0x0000021d50379000):  VMThread "VM Thread" [stack: 0x000000322b500000,0x000000322b600000] [id=4316]

Stack: [0x000000322b500000,0x000000322b600000]
[error occurred during error reporting (printing stack bounds), id 0xc0000005, EXCEPTION_ACCESS_VIOLATION (0xc0000005) at pc=0x0000021d39b60f2d]

Native frames: (J=compiled Java code, j=interpreted, Vv=VM code, C=native code)
V  [jvm.dll+0x629d8a]
V  [jvm.dll+0x7638ff]
V  [jvm.dll+0x764fa9]
V  [jvm.dll+0x765595]
V  [jvm.dll+0x76554b]
V  [jvm.dll+0x629273]
V  [jvm.dll+0x629988]
C  [ntdll.dll+0xa8fcf]
C  [ntdll.dll+0x35e9a]
C  [ntdll.dll+0xa7fde]
C  0x0000021d39b60f2d

VM_Operation (0x000000322c5fc1f0): G1CollectForAllocation, mode: safepoint, requested by thread 0x0000021d513ea800


---------------  P R O C E S S  ---------------

Threads class SMR info:
_java_thread_list=0x0000021d52d51c20, length=20, elements={
0x0000021d324b5800, 0x0000021d5037b000, 0x0000021d5037c000, 0x0000021d503ae800,
0x0000021d50c01800, 0x0000021d50c05000, 0x0000021d50c12000, 0x0000021d50c17800,
0x0000021d50338800, 0x0000021d51206800, 0x0000021d513f2000, 0x0000021d5188c000,
0x0000021d513ea800, 0x0000021d518b3800, 0x0000021d523a3000, 0x0000021d52fd8000,
0x0000021d52fd8800, 0x0000021d52fe4800, 0x0000021d5301a000, 0x0000021d53017800
}

Java Threads: ( => current thread )
  0x0000021d324b5800 JavaThread "main" [_thread_blocked, id=75044, stack(0x000000322af00000,0x000000322b000000)]
  0x0000021d5037b000 JavaThread "Reference Handler" daemon [_thread_blocked, id=77640, stack(0x000000322b600000,0x000000322b700000)]
  0x0000021d5037c000 JavaThread "Finalizer" daemon [_thread_blocked, id=94612, stack(0x000000322b700000,0x000000322b800000)]
  0x0000021d503ae800 JavaThread "Signal Dispatcher" daemon [_thread_blocked, id=70768, stack(0x000000322b800000,0x000000322b900000)]
  0x0000021d50c01800 JavaThread "Attach Listener" daemon [_thread_blocked, id=94368, stack(0x000000322b900000,0x000000322ba00000)]
  0x0000021d50c05000 JavaThread "Service Thread" daemon [_thread_blocked, id=68208, stack(0x000000322ba00000,0x000000322bb00000)]
  0x0000021d50c12000 JavaThread "C1 CompilerThread0" daemon [_thread_blocked, id=93940, stack(0x000000322bb00000,0x000000322bc00000)]
  0x0000021d50c17800 JavaThread "Sweeper thread" daemon [_thread_blocked, id=90400, stack(0x000000322bc00000,0x000000322bd00000)]
  0x0000021d50338800 JavaThread "Common-Cleaner" daemon [_thread_blocked, id=93816, stack(0x000000322bd00000,0x000000322be00000)]
  0x0000021d51206800 JavaThread "Monitor Ctrl-Break" daemon [_thread_in_native, id=92784, stack(0x000000322be00000,0x000000322bf00000)]
  0x0000021d513f2000 JavaThread "RMI TCP Accept-0" daemon [_thread_in_native, id=95624, stack(0x000000322bf00000,0x000000322c000000)]
  0x0000021d5188c000 JavaThread "Thread-0" [_thread_blocked, id=95976, stack(0x000000322c400000,0x000000322c500000)]
  0x0000021d513ea800 JavaThread "restartedMain" [_thread_blocked, id=53244, stack(0x000000322c500000,0x000000322c600000)]
  0x0000021d518b3800 JavaThread "RMI TCP Connection(1)-192.168.1.31" daemon [_thread_in_native, id=95208, stack(0x000000322c600000,0x000000322c700000)]
  0x0000021d523a3000 JavaThread "RMI Scheduler(0)" daemon [_thread_blocked, id=94032, stack(0x000000322c700000,0x000000322c800000)]
  0x0000021d52fd8000 JavaThread "Catalina-utility-1" [_thread_blocked, id=95632, stack(0x000000322c800000,0x000000322c900000)]
  0x0000021d52fd8800 JavaThread "Catalina-utility-2" [_thread_blocked, id=95952, stack(0x000000322cf00000,0x000000322d000000)]
  0x0000021d52fe4800 JavaThread "container-0" [_thread_blocked, id=76208, stack(0x000000322d000000,0x000000322d100000)]
  0x0000021d5301a000 JavaThread "HikariPool-1 housekeeper" daemon [_thread_blocked, id=90308, stack(0x000000322d100000,0x000000322d200000)]
  0x0000021d53017800 JavaThread "HikariPool-1 connection adder" daemon [_thread_blocked, id=92728, stack(0x000000322d200000,0x000000322d300000)]

Other Threads:
=>0x0000021d50379000 VMThread "VM Thread" [stack: 0x000000322b500000,0x000000322b600000] [id=4316]
  0x0000021d513c7800 WatcherThread [stack: 0x000000322c000000,0x000000322c100000] [id=93004]
  0x0000021d324cb000 GCTaskThread "GC Thread#0" [stack: 0x000000322b000000,0x000000322b100000] [id=86988]
  0x0000021d51843000 GCTaskThread "GC Thread#1" [stack: 0x000000322c100000,0x000000322c200000] [id=95916]
  0x0000021d51843800 GCTaskThread "GC Thread#2" [stack: 0x000000322c200000,0x000000322c300000] [id=78568]
  0x0000021d523ee000 GCTaskThread "GC Thread#3" [stack: 0x000000322c900000,0x000000322ca00000] [id=89688]
  0x0000021d523e6800 GCTaskThread "GC Thread#4" [stack: 0x000000322ca00000,0x000000322cb00000] [id=91876]
  0x0000021d523e9000 GCTaskThread "GC Thread#5" [stack: 0x000000322cb00000,0x000000322cc00000] [id=95612]
  0x0000021d52542800 GCTaskThread "GC Thread#6" [stack: 0x000000322cc00000,0x000000322cd00000] [id=91700]
  0x0000021d525ac000 GCTaskThread "GC Thread#7" [stack: 0x000000322cd00000,0x000000322ce00000] [id=49904]
  0x0000021d324fc800 ConcurrentGCThread "G1 Main Marker" [stack: 0x000000322b100000,0x000000322b200000] [id=89300]
  0x0000021d324fe800 ConcurrentGCThread "G1 Conc#0" [stack: 0x000000322b200000,0x000000322b300000] [id=87976]
  0x0000021d525c2800 ConcurrentGCThread "G1 Conc#1" [stack: 0x000000322ce00000,0x000000322cf00000] [id=87608]
  0x0000021d3258e800 ConcurrentGCThread "G1 Refine#0" [stack: 0x000000322b300000,0x000000322b400000] [id=22072]
  0x0000021d51853800 ConcurrentGCThread "G1 Refine#1" [stack: 0x000000322c300000,0x000000322c400000] [id=94504]
  0x0000021d501eb000 ConcurrentGCThread "G1 Young RemSet Sampling" [stack: 0x000000322b400000,0x000000322b500000] [id=77740]

Threads with active compile tasks:

VM state:at safepoint (normal execution)

VM Mutex/Monitor currently owned by a thread:  ([mutex/lock_event])
[0x0000021d324b2aa0] Threads_lock - owner thread: 0x0000021d50379000
[0x0000021d324b2980] Heap_lock - owner thread: 0x0000021d513ea800

Heap address: 0x0000000082800000, size: 2008 MB, Compressed Oops mode: 32-bit
Narrow klass base: 0x0000000000000000, Narrow klass shift: 3
Compressed class space size: 1073741824 Address: 0x0000000100000000

Heap:
 garbage-first heap   total 155648K, used 19393K [0x0000000082800000, 0x0000000100000000)
  region size 1024K, 8 young (8192K), 8 survivors (8192K)
 Metaspace       used 45876K, capacity 47305K, committed 47488K, reserved 1089536K
  class space    used 5873K, capacity 6475K, committed 6528K, reserved 1048576K
Heap Regions: E=young(eden), S=young(survivor), O=old, HS=humongous(starts), HC=humongous(continues), CS=collection set, F=free, A=archive, TAMS=top-at-mark-start (previous, next)
|   0|0x0000000082800000, 0x0000000082900000, 0x0000000082900000|100%|HS|  |TAMS 0x0000000082900000, 0x0000000082800000| Complete 
|   1|0x0000000082900000, 0x0000000082a00000, 0x0000000082a00000|100%| O|  |TAMS 0x0000000082a00000, 0x0000000082900000| Untracked 
|   2|0x0000000082a00000, 0x0000000082b00000, 0x0000000082b00000|100%| O|  |TAMS 0x0000000082b00000, 0x0000000082a00000| Untracked 
|   3|0x0000000082b00000, 0x0000000082c00000, 0x0000000082c00000|100%| O|  |TAMS 0x0000000082c00000, 0x0000000082b00000| Untracked 
|   4|0x0000000082c00000, 0x0000000082d00000, 0x0000000082d00000|100%| O|  |TAMS 0x0000000082d00000, 0x0000000082c00000| Untracked 
|   5|0x0000000082d00000, 0x0000000082e00000, 0x0000000082e00000|100%| O|  |TAMS 0x0000000082e00000, 0x0000000082d00000| Untracked 
|   6|0x0000000082e00000, 0x0000000082f00000, 0x0000000082f00000|100%| O|  |TAMS 0x0000000082f00000, 0x0000000082e00000| Untracked 
|   7|0x0000000082f00000, 0x0000000083000000, 0x0000000083000000|100%| O|  |TAMS 0x0000000083000000, 0x0000000082f00000| Untracked 
|   8|0x0000000083000000, 0x0000000083100000, 0x0000000083100000|100%| O|  |TAMS 0x0000000083100000, 0x0000000083000000| Untracked 
|   9|0x0000000083100000, 0x0000000083200000, 0x0000000083200000|100%| O|  |TAMS 0x0000000083200000, 0x0000000083100000| Untracked 
|  10|0x0000000083200000, 0x0000000083300000, 0x0000000083300000|100%| O|  |TAMS 0x0000000083300000, 0x0000000083200000| Untracked 
|  11|0x0000000083300000, 0x0000000083317400, 0x0000000083400000|  9%| O|  |TAMS 0x0000000083317400, 0x0000000083300000| Untracked 
|  12|0x0000000083400000, 0x0000000083400000, 0x0000000083500000|  0%| F|  |TAMS 0x0000000083400000, 0x0000000083400000| Untracked 
|  13|0x0000000083500000, 0x0000000083500000, 0x0000000083600000|  0%| F|  |TAMS 0x0000000083500000, 0x0000000083500000| Untracked 
|  14|0x0000000083600000, 0x0000000083600000, 0x0000000083700000|  0%| F|  |TAMS 0x0000000083600000, 0x0000000083600000| Untracked 
|  15|0x0000000083700000, 0x0000000083700000, 0x0000000083800000|  0%| F|  |TAMS 0x0000000083700000, 0x0000000083700000| Untracked 
|  16|0x0000000083800000, 0x0000000083800000, 0x0000000083900000|  0%| F|  |TAMS 0x0000000083800000, 0x0000000083800000| Untracked 
|  17|0x0000000083900000, 0x0000000083900000, 0x0000000083a00000|  0%| F|  |TAMS 0x0000000083900000, 0x0000000083900000| Untracked 
|  18|0x0000000083a00000, 0x0000000083a00000, 0x0000000083b00000|  0%| F|  |TAMS 0x0000000083a00000, 0x0000000083a00000| Untracked 
|  19|0x0000000083b00000, 0x0000000083b00000, 0x0000000083c00000|  0%| F|  |TAMS 0x0000000083b00000, 0x0000000083b00000| Untracked 
|  20|0x0000000083c00000, 0x0000000083c00000, 0x0000000083d00000|  0%| F|  |TAMS 0x0000000083c00000, 0x0000000083c00000| Untracked 
|  21|0x0000000083d00000, 0x0000000083d00000, 0x0000000083e00000|  0%| F|  |TAMS 0x0000000083d00000, 0x0000000083d00000| Untracked 
|  22|0x0000000083e00000, 0x0000000083e00000, 0x0000000083f00000|  0%| F|  |TAMS 0x0000000083e00000, 0x0000000083e00000| Untracked 
|  23|0x0000000083f00000, 0x0000000083f00000, 0x0000000084000000|  0%| F|  |TAMS 0x0000000083f00000, 0x0000000083f00000| Untracked 
|  24|0x0000000084000000, 0x0000000084000000, 0x0000000084100000|  0%| F|  |TAMS 0x0000000084000000, 0x0000000084000000| Untracked 
|  25|0x0000000084100000, 0x0000000084100000, 0x0000000084200000|  0%| F|  |TAMS 0x0000000084100000, 0x0000000084100000| Untracked 
|  26|0x0000000084200000, 0x0000000084200000, 0x0000000084300000|  0%| F|  |TAMS 0x0000000084200000, 0x0000000084200000| Untracked 
|  27|0x0000000084300000, 0x0000000084300000, 0x0000000084400000|  0%| F|  |TAMS 0x0000000084300000, 0x0000000084300000| Untracked 
|  28|0x0000000084400000, 0x0000000084400000, 0x0000000084500000|  0%| F|  |TAMS 0x0000000084400000, 0x0000000084400000| Untracked 
|  29|0x0000000084500000, 0x0000000084500000, 0x0000000084600000|  0%| F|  |TAMS 0x0000000084500000, 0x0000000084500000| Untracked 
|  30|0x0000000084600000, 0x0000000084600000, 0x0000000084700000|  0%| F|  |TAMS 0x0000000084600000, 0x0000000084600000| Untracked 
|  31|0x0000000084700000, 0x0000000084700000, 0x0000000084800000|  0%| F|  |TAMS 0x0000000084700000, 0x0000000084700000| Untracked 
|  32|0x0000000084800000, 0x0000000084800000, 0x0000000084900000|  0%| F|  |TAMS 0x0000000084800000, 0x0000000084800000| Untracked 
|  33|0x0000000084900000, 0x0000000084900000, 0x0000000084a00000|  0%| F|  |TAMS 0x0000000084900000, 0x0000000084900000| Untracked 
|  34|0x0000000084a00000, 0x0000000084a00000, 0x0000000084b00000|  0%| F|  |TAMS 0x0000000084a00000, 0x0000000084a00000| Untracked 
|  35|0x0000000084b00000, 0x0000000084b00000, 0x0000000084c00000|  0%| F|  |TAMS 0x0000000084b00000, 0x0000000084b00000| Untracked 
|  36|0x0000000084c00000, 0x0000000084c00000, 0x0000000084d00000|  0%| F|  |TAMS 0x0000000084c00000, 0x0000000084c00000| Untracked 
|  37|0x0000000084d00000, 0x0000000084d00000, 0x0000000084e00000|  0%| F|  |TAMS 0x0000000084d00000, 0x0000000084d00000| Untracked 
|  38|0x0000000084e00000, 0x0000000084e00000, 0x0000000084f00000|  0%| F|  |TAMS 0x0000000084e00000, 0x0000000084e00000| Untracked 
|  39|0x0000000084f00000, 0x0000000084f00000, 0x0000000085000000|  0%| F|  |TAMS 0x0000000084f00000, 0x0000000084f00000| Untracked 
|  40|0x0000000085000000, 0x0000000085000000, 0x0000000085100000|  0%| F|  |TAMS 0x0000000085000000, 0x0000000085000000| Untracked 
|  41|0x0000000085100000, 0x0000000085100000, 0x0000000085200000|  0%| F|  |TAMS 0x0000000085100000, 0x0000000085100000| Untracked 
|  42|0x0000000085200000, 0x0000000085200000, 0x0000000085300000|  0%| F|  |TAMS 0x0000000085200000, 0x0000000085200000| Untracked 
|  43|0x0000000085300000, 0x00000000853d9038, 0x0000000085400000| 84%| S|CS|TAMS 0x0000000085300000, 0x0000000085300000| Complete 
|  44|0x0000000085400000, 0x0000000085500000, 0x0000000085500000|100%| S|CS|TAMS 0x0000000085400000, 0x0000000085400000| Complete 
|  45|0x0000000085500000, 0x0000000085600000, 0x0000000085600000|100%| S|CS|TAMS 0x0000000085500000, 0x0000000085500000| Complete 
|  46|0x0000000085600000, 0x0000000085700000, 0x0000000085700000|100%| S|CS|TAMS 0x0000000085600000, 0x0000000085600000| Complete 
|  47|0x0000000085700000, 0x0000000085800000, 0x0000000085800000|100%| S|CS|TAMS 0x0000000085700000, 0x0000000085700000| Complete 
|  48|0x0000000085800000, 0x0000000085900000, 0x0000000085900000|100%| S|CS|TAMS 0x0000000085800000, 0x0000000085800000| Complete 
|  49|0x0000000085900000, 0x0000000085a00000, 0x0000000085a00000|100%| S|CS|TAMS 0x0000000085900000, 0x0000000085900000| Complete 
|  50|0x0000000085a00000, 0x0000000085b00000, 0x0000000085b00000|100%| S|CS|TAMS 0x0000000085a00000, 0x0000000085a00000| Complete 
|  51|0x0000000085b00000, 0x0000000085b00000, 0x0000000085c00000|  0%| F|  |TAMS 0x0000000085b00000, 0x0000000085b00000| Untracked 
|  52|0x0000000085c00000, 0x0000000085c00000, 0x0000000085d00000|  0%| F|  |TAMS 0x0000000085c00000, 0x0000000085c00000| Untracked 
|  53|0x0000000085d00000, 0x0000000085d00000, 0x0000000085e00000|  0%| F|  |TAMS 0x0000000085d00000, 0x0000000085d00000| Untracked 
|  54|0x0000000085e00000, 0x0000000085e00000, 0x0000000085f00000|  0%| F|  |TAMS 0x0000000085e00000, 0x0000000085e00000| Untracked 
|  55|0x0000000085f00000, 0x0000000085f00000, 0x0000000086000000|  0%| F|  |TAMS 0x0000000085f00000, 0x0000000085f00000| Untracked 
|  56|0x0000000086000000, 0x0000000086000000, 0x0000000086100000|  0%| F|  |TAMS 0x0000000086000000, 0x0000000086000000| Untracked 
|  57|0x0000000086100000, 0x0000000086100000, 0x0000000086200000|  0%| F|  |TAMS 0x0000000086100000, 0x0000000086100000| Untracked 
|  58|0x0000000086200000, 0x0000000086200000, 0x0000000086300000|  0%| F|  |TAMS 0x0000000086200000, 0x0000000086200000| Untracked 
|  59|0x0000000086300000, 0x0000000086300000, 0x0000000086400000|  0%| F|  |TAMS 0x0000000086300000, 0x0000000086300000| Untracked 
|  60|0x0000000086400000, 0x0000000086400000, 0x0000000086500000|  0%| F|  |TAMS 0x0000000086400000, 0x0000000086400000| Untracked 
|  61|0x0000000086500000, 0x0000000086500000, 0x0000000086600000|  0%| F|  |TAMS 0x0000000086500000, 0x0000000086500000| Untracked 
|  62|0x0000000086600000, 0x0000000086600000, 0x0000000086700000|  0%| F|  |TAMS 0x0000000086600000, 0x0000000086600000| Untracked 
|  63|0x0000000086700000, 0x0000000086700000, 0x0000000086800000|  0%| F|  |TAMS 0x0000000086700000, 0x0000000086700000| Untracked 
|  64|0x0000000086800000, 0x0000000086800000, 0x0000000086900000|  0%| F|  |TAMS 0x0000000086800000, 0x0000000086800000| Untracked 
|  65|0x0000000086900000, 0x0000000086900000, 0x0000000086a00000|  0%| F|  |TAMS 0x0000000086900000, 0x0000000086900000| Untracked 
|  66|0x0000000086a00000, 0x0000000086a00000, 0x0000000086b00000|  0%| F|  |TAMS 0x0000000086a00000, 0x0000000086a00000| Untracked 
|  67|0x0000000086b00000, 0x0000000086b00000, 0x0000000086c00000|  0%| F|  |TAMS 0x0000000086b00000, 0x0000000086b00000| Untracked 
|  68|0x0000000086c00000, 0x0000000086c00000, 0x0000000086d00000|  0%| F|  |TAMS 0x0000000086c00000, 0x0000000086c00000| Untracked 
|  69|0x0000000086d00000, 0x0000000086d00000, 0x0000000086e00000|  0%| F|  |TAMS 0x0000000086d00000, 0x0000000086d00000| Untracked 
|  70|0x0000000086e00000, 0x0000000086e00000, 0x0000000086f00000|  0%| F|  |TAMS 0x0000000086e00000, 0x0000000086e00000| Untracked 
|  71|0x0000000086f00000, 0x0000000086f00000, 0x0000000087000000|  0%| F|  |TAMS 0x0000000086f00000, 0x0000000086f00000| Untracked 
|  72|0x0000000087000000, 0x0000000087000000, 0x0000000087100000|  0%| F|  |TAMS 0x0000000087000000, 0x0000000087000000| Untracked 
|  73|0x0000000087100000, 0x0000000087100000, 0x0000000087200000|  0%| F|  |TAMS 0x0000000087100000, 0x0000000087100000| Untracked 
|  74|0x0000000087200000, 0x0000000087200000, 0x0000000087300000|  0%| F|  |TAMS 0x0000000087200000, 0x0000000087200000| Untracked 
|  75|0x0000000087300000, 0x0000000087300000, 0x0000000087400000|  0%| F|  |TAMS 0x0000000087300000, 0x0000000087300000| Untracked 
|  76|0x0000000087400000, 0x0000000087400000, 0x0000000087500000|  0%| F|  |TAMS 0x0000000087400000, 0x0000000087400000| Untracked 
|  77|0x0000000087500000, 0x0000000087500000, 0x0000000087600000|  0%| F|  |TAMS 0x0000000087500000, 0x0000000087500000| Untracked 
|  78|0x0000000087600000, 0x0000000087600000, 0x0000000087700000|  0%| F|  |TAMS 0x0000000087600000, 0x0000000087600000| Untracked 
|  79|0x0000000087700000, 0x0000000087700000, 0x0000000087800000|  0%| F|  |TAMS 0x0000000087700000, 0x0000000087700000| Untracked 
|  80|0x0000000087800000, 0x0000000087800000, 0x0000000087900000|  0%| F|  |TAMS 0x0000000087800000, 0x0000000087800000| Untracked 
|  81|0x0000000087900000, 0x0000000087900000, 0x0000000087a00000|  0%| F|  |TAMS 0x0000000087900000, 0x0000000087900000| Untracked 
|  82|0x0000000087a00000, 0x0000000087a00000, 0x0000000087b00000|  0%| F|  |TAMS 0x0000000087a00000, 0x0000000087a00000| Untracked 
|  83|0x0000000087b00000, 0x0000000087b00000, 0x0000000087c00000|  0%| F|  |TAMS 0x0000000087b00000, 0x0000000087b00000| Untracked 
|  84|0x0000000087c00000, 0x0000000087c00000, 0x0000000087d00000|  0%| F|  |TAMS 0x0000000087c00000, 0x0000000087c00000| Untracked 
|  85|0x0000000087d00000, 0x0000000087d00000, 0x0000000087e00000|  0%| F|  |TAMS 0x0000000087d00000, 0x0000000087d00000| Untracked 
|  86|0x0000000087e00000, 0x0000000087e00000, 0x0000000087f00000|  0%| F|  |TAMS 0x0000000087e00000, 0x0000000087e00000| Untracked 
|  87|0x0000000087f00000, 0x0000000087f00000, 0x0000000088000000|  0%| F|  |TAMS 0x0000000087f00000, 0x0000000087f00000| Untracked 
|  88|0x0000000088000000, 0x0000000088000000, 0x0000000088100000|  0%| F|  |TAMS 0x0000000088000000, 0x0000000088000000| Untracked 
|  89|0x0000000088100000, 0x0000000088100000, 0x0000000088200000|  0%| F|  |TAMS 0x0000000088100000, 0x0000000088100000| Untracked 
|  90|0x0000000088200000, 0x0000000088200000, 0x0000000088300000|  0%| F|  |TAMS 0x0000000088200000, 0x0000000088200000| Untracked 
|  91|0x0000000088300000, 0x0000000088300000, 0x0000000088400000|  0%| F|  |TAMS 0x0000000088300000, 0x0000000088300000| Untracked 
|  92|0x0000000088400000, 0x0000000088400000, 0x0000000088500000|  0%| F|  |TAMS 0x0000000088400000, 0x0000000088400000| Untracked 
|  93|0x0000000088500000, 0x0000000088500000, 0x0000000088600000|  0%| F|  |TAMS 0x0000000088500000, 0x0000000088500000| Untracked 
|  94|0x0000000088600000, 0x0000000088600000, 0x0000000088700000|  0%| F|  |TAMS 0x0000000088600000, 0x0000000088600000| Untracked 
|  95|0x0000000088700000, 0x0000000088700000, 0x0000000088800000|  0%| F|  |TAMS 0x0000000088700000, 0x0000000088700000| Untracked 
|  96|0x0000000088800000, 0x0000000088800000, 0x0000000088900000|  0%| F|  |TAMS 0x0000000088800000, 0x0000000088800000| Untracked 
|  97|0x0000000088900000, 0x0000000088900000, 0x0000000088a00000|  0%| F|  |TAMS 0x0000000088900000, 0x0000000088900000| Untracked 
|  98|0x0000000088a00000, 0x0000000088a00000, 0x0000000088b00000|  0%| F|  |TAMS 0x0000000088a00000, 0x0000000088a00000| Untracked 
|  99|0x0000000088b00000, 0x0000000088b00000, 0x0000000088c00000|  0%| F|  |TAMS 0x0000000088b00000, 0x0000000088b00000| Untracked 
| 100|0x0000000088c00000, 0x0000000088c00000, 0x0000000088d00000|  0%| F|  |TAMS 0x0000000088c00000, 0x0000000088c00000| Untracked 
| 101|0x0000000088d00000, 0x0000000088d00000, 0x0000000088e00000|  0%| F|  |TAMS 0x0000000088d00000, 0x0000000088d00000| Untracked 
| 102|0x0000000088e00000, 0x0000000088e00000, 0x0000000088f00000|  0%| F|  |TAMS 0x0000000088e00000, 0x0000000088e00000| Untracked 
| 103|0x0000000088f00000, 0x0000000088f00000, 0x0000000089000000|  0%| F|  |TAMS 0x0000000088f00000, 0x0000000088f00000| Untracked 
| 104|0x0000000089000000, 0x0000000089000000, 0x0000000089100000|  0%| F|  |TAMS 0x0000000089000000, 0x0000000089000000| Untracked 
| 105|0x0000000089100000, 0x0000000089100000, 0x0000000089200000|  0%| F|  |TAMS 0x0000000089100000, 0x0000000089100000| Untracked 
| 106|0x0000000089200000, 0x0000000089200000, 0x0000000089300000|  0%| F|  |TAMS 0x0000000089200000, 0x0000000089200000| Untracked 
| 107|0x0000000089300000, 0x0000000089300000, 0x0000000089400000|  0%| F|  |TAMS 0x0000000089300000, 0x0000000089300000| Untracked 
| 108|0x0000000089400000, 0x0000000089400000, 0x0000000089500000|  0%| F|  |TAMS 0x0000000089400000, 0x0000000089400000| Untracked 
| 109|0x0000000089500000, 0x0000000089500000, 0x0000000089600000|  0%| F|  |TAMS 0x0000000089500000, 0x0000000089500000| Untracked 
| 110|0x0000000089600000, 0x0000000089600000, 0x0000000089700000|  0%| F|  |TAMS 0x0000000089600000, 0x0000000089600000| Untracked 
| 111|0x0000000089700000, 0x0000000089700000, 0x0000000089800000|  0%| F|  |TAMS 0x0000000089700000, 0x0000000089700000| Untracked 
| 112|0x0000000089800000, 0x0000000089800000, 0x0000000089900000|  0%| F|  |TAMS 0x0000000089800000, 0x0000000089800000| Untracked 
| 113|0x0000000089900000, 0x0000000089900000, 0x0000000089a00000|  0%| F|  |TAMS 0x0000000089900000, 0x0000000089900000| Untracked 
| 114|0x0000000089a00000, 0x0000000089a00000, 0x0000000089b00000|  0%| F|  |TAMS 0x0000000089a00000, 0x0000000089a00000| Untracked 
| 115|0x0000000089b00000, 0x0000000089b00000, 0x0000000089c00000|  0%| F|  |TAMS 0x0000000089b00000, 0x0000000089b00000| Untracked 
| 116|0x0000000089c00000, 0x0000000089c00000, 0x0000000089d00000|  0%| F|  |TAMS 0x0000000089c00000, 0x0000000089c00000| Untracked 
| 117|0x0000000089d00000, 0x0000000089d00000, 0x0000000089e00000|  0%| F|  |TAMS 0x0000000089d00000, 0x0000000089d00000| Untracked 
| 118|0x0000000089e00000, 0x0000000089e00000, 0x0000000089f00000|  0%| F|  |TAMS 0x0000000089e00000, 0x0000000089e00000| Untracked 
| 119|0x0000000089f00000, 0x0000000089f00000, 0x000000008a000000|  0%| F|  |TAMS 0x0000000089f00000, 0x0000000089f00000| Untracked 
| 120|0x000000008a000000, 0x000000008a000000, 0x000000008a100000|  0%| F|  |TAMS 0x000000008a000000, 0x000000008a000000| Untracked 
| 121|0x000000008a100000, 0x000000008a100000, 0x000000008a200000|  0%| F|  |TAMS 0x000000008a100000, 0x000000008a100000| Untracked 
| 122|0x000000008a200000, 0x000000008a200000, 0x000000008a300000|  0%| F|  |TAMS 0x000000008a200000, 0x000000008a200000| Untracked 
| 123|0x000000008a300000, 0x000000008a300000, 0x000000008a400000|  0%| F|  |TAMS 0x000000008a300000, 0x000000008a300000| Untracked 
| 124|0x000000008a400000, 0x000000008a400000, 0x000000008a500000|  0%| F|  |TAMS 0x000000008a400000, 0x000000008a400000| Untracked 
| 125|0x000000008a500000, 0x000000008a500000, 0x000000008a600000|  0%| F|  |TAMS 0x000000008a500000, 0x000000008a500000| Untracked 

Card table byte_map: [0x0000021d49290000,0x0000021d49680000] _byte_map_base: 0x0000021d48e7c000

Marking Bits (Prev, Next): (CMBitMap*) 0x0000021d324f3a88, (CMBitMap*) 0x0000021d324f3ac0
 Prev Bits: [0x0000021d49a70000, 0x0000021d4b9d0000)
 Next Bits: [0x0000021d4b9d0000, 0x0000021d4d930000)

Polling page: 0x0000021d31c90000

Metaspace:

Usage:
  Non-class:     39.87 MB capacity,    39.07 MB ( 98%) used,   664.62 KB (  2%) free+waste,   161.63 KB ( <1%) overhead. 
      Class:      6.32 MB capacity,     5.74 MB ( 91%) used,   518.74 KB (  8%) free+waste,    83.25 KB (  1%) overhead. 
       Both:     46.20 MB capacity,    44.80 MB ( 97%) used,     1.16 MB (  3%) free+waste,   244.88 KB ( <1%) overhead. 

Virtual space:
  Non-class space:       40.00 MB reserved,      40.00 MB (100%) committed 
      Class space:        1.00 GB reserved,       6.38 MB ( <1%) committed 
             Both:        1.04 GB reserved,      46.38 MB (  4%) committed 

Chunk freelists:
   Non-Class:  256 bytes
       Class:  2.63 KB
        Both:  2.88 KB

CodeHeap 'non-profiled nmethods': size=238336Kb used=6012Kb max_used=6012Kb free=232324Kb
 bounds [0x0000021d3a2a0000, 0x0000021d3a880000, 0x0000021d48b60000]
CodeHeap 'non-nmethods': size=7424Kb used=1214Kb max_used=1214Kb free=6209Kb
 bounds [0x0000021d39b60000, 0x0000021d39dd0000, 0x0000021d3a2a0000]
 total_blobs=4531 nmethods=3950 adapters=507
 compilation: enabled
              stopped_count=0, restarted_count=0
 full_count=0

Compilation events (10 events):
Event: 5.759 Thread 0x0000021d50c12000 3946       1       java.io.ObjectStreamClass::getSerialVersionUID (33 bytes)
Event: 5.759 Thread 0x0000021d50c12000 nmethod 3946 0x0000021d3a87a910 code [0x0000021d3a87aac0, 0x0000021d3a87ad08]
Event: 5.759 Thread 0x0000021d50c12000 3949   !   1       java.io.ObjectOutputStream::writeSerialData (221 bytes)
Event: 5.760 Thread 0x0000021d50c12000 nmethod 3949 0x0000021d3a87ae10 code [0x0000021d3a87b040, 0x0000021d3a87b908]
Event: 5.760 Thread 0x0000021d50c12000 3947   !   1       java.io.ObjectOutputStream::writeOrdinaryObject (175 bytes)
Event: 5.761 Thread 0x0000021d50c12000 nmethod 3947 0x0000021d3a87be90 code [0x0000021d3a87c0e0, 0x0000021d3a87c6a8]
Event: 5.761 Thread 0x0000021d50c12000 3948       1       java.io.ObjectStreamClass::checkSerialize (20 bytes)
Event: 5.761 Thread 0x0000021d50c12000 nmethod 3948 0x0000021d3a87cd90 code [0x0000021d3a87cf40, 0x0000021d3a87d138]
Event: 5.783 Thread 0x0000021d50c12000 3950       1       java.util.ServiceLoader$ModuleServicesLookupIterator::iteratorFor (191 bytes)
Event: 5.785 Thread 0x0000021d50c12000 nmethod 3950 0x0000021d3a87d290 code [0x0000021d3a87d620, 0x0000021d3a87e498]

GC Heap History (10 events):
Event: 1.623 GC heap after
{Heap after GC invocations=2 (full 0):
 garbage-first heap   total 129024K, used 8389K [0x0000000082800000, 0x0000000100000000)
  region size 1024K, 2 young (2048K), 2 survivors (2048K)
 Metaspace       used 17031K, capacity 17555K, committed 17792K, reserved 1064960K
  class space    used 1903K, capacity 2122K, committed 2176K, reserved 1048576K
}
Event: 1.969 GC heap before
{Heap before GC invocations=2 (full 0):
 garbage-first heap   total 129024K, used 35013K [0x0000000082800000, 0x0000000100000000)
  region size 1024K, 29 young (29696K), 2 survivors (2048K)
 Metaspace       used 20423K, capacity 21116K, committed 21248K, reserved 1067008K
  class space    used 2416K, capacity 2707K, committed 2816K, reserved 1048576K
}
Event: 1.972 GC heap after
{Heap after GC invocations=3 (full 0):
 garbage-first heap   total 129024K, used 9341K [0x0000000082800000, 0x0000000100000000)
  region size 1024K, 2 young (2048K), 2 survivors (2048K)
 Metaspace       used 20423K, capacity 21116K, committed 21248K, reserved 1067008K
  class space    used 2416K, capacity 2707K, committed 2816K, reserved 1048576K
}
Event: 3.005 GC heap before
{Heap before GC invocations=4 (full 0):
 garbage-first heap   total 129024K, used 83069K [0x0000000082800000, 0x0000000100000000)
  region size 1024K, 75 young (76800K), 2 survivors (2048K)
 Metaspace       used 26338K, capacity 27284K, committed 27520K, reserved 1073152K
  class space    used 3204K, capacity 3597K, committed 3712K, reserved 1048576K
}
Event: 3.010 GC heap after
{Heap after GC invocations=5 (full 0):
 garbage-first heap   total 129024K, used 11771K [0x0000000082800000, 0x0000000100000000)
  region size 1024K, 5 young (5120K), 5 survivors (5120K)
 Metaspace       used 26338K, capacity 27284K, committed 27520K, reserved 1073152K
  class space    used 3204K, capacity 3597K, committed 3712K, reserved 1048576K
}
Event: 4.233 GC heap before
{Heap before GC invocations=5 (full 0):
 garbage-first heap   total 129024K, used 83451K [0x0000000082800000, 0x0000000100000000)
  region size 1024K, 75 young (76800K), 5 survivors (5120K)
 Metaspace       used 34197K, capacity 35481K, committed 35712K, reserved 1079296K
  class space    used 4333K, capacity 4880K, committed 4992K, reserved 1048576K
}
Event: 4.241 GC heap after
{Heap after GC invocations=6 (full 0):
 garbage-first heap   total 129024K, used 15840K [0x0000000082800000, 0x0000000100000000)
  region size 1024K, 9 young (9216K), 9 survivors (9216K)
 Metaspace       used 34197K, capacity 35481K, committed 35712K, reserved 1079296K
  class space    used 4333K, capacity 4880K, committed 4992K, reserved 1048576K
}
Event: 4.290 GC heap before
{Heap before GC invocations=6 (full 0):
 garbage-first heap   total 129024K, used 19936K [0x0000000082800000, 0x0000000100000000)
  region size 1024K, 14 young (14336K), 9 survivors (9216K)
 Metaspace       used 34392K, capacity 35722K, committed 35840K, reserved 1081344K
  class space    used 4351K, capacity 4918K, committed 4992K, reserved 1048576K
}
Event: 4.297 GC heap after
{Heap after GC invocations=7 (full 0):
 garbage-first heap   total 129024K, used 16386K [0x0000000082800000, 0x0000000100000000)
  region size 1024K, 5 young (5120K), 5 survivors (5120K)
 Metaspace       used 34392K, capacity 35722K, committed 35840K, reserved 1081344K
  class space    used 4351K, capacity 4918K, committed 4992K, reserved 1048576K
}
Event: 5.787 GC heap before
{Heap before GC invocations=8 (full 0):
 garbage-first heap   total 129024K, used 88066K [0x0000000082800000, 0x0000000100000000)
  region size 1024K, 75 young (76800K), 5 survivors (5120K)
 Metaspace       used 45876K, capacity 47305K, committed 47488K, reserved 1089536K
  class space    used 5873K, capacity 6475K, committed 6528K, reserved 1048576K
}

Deoptimization events (0 events):
No events

Classes redefined (0 events):
No events

Internal exceptions (10 events):
Event: 4.268 Thread 0x0000021d513ea800 Exception <a 'sun/nio/fs/WindowsException'{0x000000008a21e380}> (0x000000008a21e380) thrown at [./open/src/hotspot/share/prims/jni.cpp, line 611]
Event: 4.577 Thread 0x0000021d513ea800 Exception <a 'java/io/FileNotFoundException'{0x0000000089a23ac8}> (0x0000000089a23ac8) thrown at [./open/src/hotspot/share/prims/jni.cpp, line 611]
Event: 4.612 Thread 0x0000021d513ea800 Exception <a 'java/lang/NoSuchMethodError'{0x00000000899db368}: java.lang.invoke.DirectMethodHandle$Holder.invokeInterface(Ljava/lang/Object;Ljava/lang/Object;Ljava/lang/Object;Ljava/lang/Object;)I> (0x00000000899db368) thrown at [./open/src/hotspot/share
Event: 4.689 Thread 0x0000021d513ea800 Exception <a 'java/io/FileNotFoundException'{0x00000000895a97f8}> (0x00000000895a97f8) thrown at [./open/src/hotspot/share/prims/jni.cpp, line 611]
Event: 4.745 Thread 0x0000021d518b3800 Exception <a 'java/lang/reflect/InvocationTargetException'{0x0000000089089bf8}> (0x0000000089089bf8) thrown at [./open/src/hotspot/share/runtime/reflection.cpp, line 1242]
Event: 5.252 Thread 0x0000021d518b3800 Exception <a 'java/lang/reflect/InvocationTargetException'{0x00000000872061f0}> (0x00000000872061f0) thrown at [./open/src/hotspot/share/runtime/reflection.cpp, line 1242]
Event: 5.309 Thread 0x0000021d513ea800 Exception <a 'java/lang/NoSuchMethodError'{0x0000000086fd4548}: java.lang.invoke.DirectMethodHandle$Holder.invokeStaticInit(Ljava/lang/Object;Ljava/lang/Object;Ljava/lang/Object;Ljava/lang/Object;Ljava/lang/Object;)V> (0x0000000086fd4548) thrown at [./ope
Event: 5.352 Thread 0x0000021d513ea800 Exception <a 'java/lang/NoSuchMethodError'{0x0000000086b4fe98}: java.lang.invoke.DirectMethodHandle$Holder.newInvokeSpecial(Ljava/lang/Object;Ljava/lang/Object;Ljava/lang/Object;)Ljava/lang/Object;> (0x0000000086b4fe98) thrown at [./open/src/hotspot/share
Event: 5.502 Thread 0x0000021d513ea800 Exception <a 'java/lang/NoSuchMethodError'{0x000000008651d558}: java.lang.invoke.DirectMethodHandle$Holder.invokeStaticInit(Ljava/lang/Object;Ljava/lang/Object;Ljava/lang/Object;Ljava/lang/Object;)Ljava/lang/Object;> (0x000000008651d558) thrown at [./open
Event: 5.759 Thread 0x0000021d518b3800 Exception <a 'java/lang/reflect/InvocationTargetException'{0x0000000085b027d0}> (0x0000000085b027d0) thrown at [./open/src/hotspot/share/runtime/reflection.cpp, line 1242]

Events (10 events):
Event: 5.785 loading class org/hibernate/bytecode/spi/ReflectionOptimizer done
Event: 5.785 loading class org/hibernate/bytecode/enhance/spi/EnhancementContext
Event: 5.785 loading class org/hibernate/bytecode/enhance/spi/EnhancementContext done
Event: 5.786 loading class org/hibernate/bytecode/enhance/spi/Enhancer
Event: 5.786 loading class org/hibernate/bytecode/enhance/spi/Enhancer done
Event: 5.786 loading class org/hibernate/bytecode/internal/SessionFactoryObserverForBytecodeEnhancer
Event: 5.786 loading class org/hibernate/bytecode/internal/SessionFactoryObserverForBytecodeEnhancer done
Event: 5.786 loading class org/hibernate/internal/SessionFactoryImpl
Event: 5.786 loading class org/hibernate/internal/SessionFactoryImpl done
Event: 5.787 Executing VM operation: G1CollectForAllocation


Dynamic libraries:
0x00007ff7017f0000 - 0x00007ff7017ff000 	C:\Program Files\Java\jdk-11.0.15.1\bin\java.exe
0x00007ff9579e0000 - 0x00007ff957be9000 	C:\Windows\SYSTEM32\ntdll.dll
0x00007ff9573e0000 - 0x00007ff95749d000 	C:\Windows\System32\KERNEL32.DLL
0x00007ff9554f0000 - 0x00007ff95586d000 	C:\Windows\System32\KERNELBASE.dll
0x00007ff9553d0000 - 0x00007ff9554e1000 	C:\Windows\System32\ucrtbase.dll
0x00007ff9377a0000 - 0x00007ff9377b8000 	C:\Program Files\Java\jdk-11.0.15.1\bin\jli.dll
0x00007ff9574a0000 - 0x00007ff95754e000 	C:\Windows\System32\ADVAPI32.dll
0x00007ff956560000 - 0x00007ff956603000 	C:\Windows\System32\msvcrt.dll
0x00007ff9578a0000 - 0x00007ff95793e000 	C:\Windows\System32\sechost.dll
0x00007ff956ac0000 - 0x00007ff956be0000 	C:\Windows\System32\RPCRT4.dll
0x00007ff9576b0000 - 0x00007ff95785d000 	C:\Windows\System32\USER32.dll
0x00007ff954ec0000 - 0x00007ff954ee6000 	C:\Windows\System32\win32u.dll
0x00007ff9399b0000 - 0x00007ff939c55000 	C:\Windows\WinSxS\amd64_microsoft.windows.common-controls_6595b64144ccf1df_6.0.22000.120_none_9d947278b86cc467\COMCTL32.dll
0x00007ff955990000 - 0x00007ff9559b9000 	C:\Windows\System32\GDI32.dll
0x00007ff9551f0000 - 0x00007ff955308000 	C:\Windows\System32\gdi32full.dll
0x00007ff955060000 - 0x00007ff9550fd000 	C:\Windows\System32\msvcp_win.dll
0x00007ff94b4f0000 - 0x00007ff94b4fa000 	C:\Windows\SYSTEM32\VERSION.dll
0x00007ff9357e0000 - 0x00007ff9357f5000 	C:\Program Files\Java\jdk-11.0.15.1\bin\VCRUNTIME140.dll
0x00007ff957860000 - 0x00007ff957891000 	C:\Windows\System32\IMM32.DLL
0x00007ff8f5900000 - 0x00007ff8f599b000 	C:\Program Files\Java\jdk-11.0.15.1\bin\msvcp140.dll
0x00007ff8ccae0000 - 0x00007ff8cd5f6000 	C:\Program Files\Java\jdk-11.0.15.1\bin\server\jvm.dll
0x00007ff955c00000 - 0x00007ff955c08000 	C:\Windows\System32\PSAPI.DLL
0x00007ff9449f0000 - 0x00007ff9449f9000 	C:\Windows\SYSTEM32\WSOCK32.dll
0x00007ff947ad0000 - 0x00007ff947b03000 	C:\Windows\SYSTEM32\WINMM.dll
0x00007ff955d30000 - 0x00007ff955d9f000 	C:\Windows\System32\WS2_32.dll
0x00007ff953fc0000 - 0x00007ff953fd8000 	C:\Windows\SYSTEM32\kernel.appcore.dll
0x00007ff93ec40000 - 0x00007ff93ec50000 	C:\Program Files\Java\jdk-11.0.15.1\bin\verify.dll
0x00007ff947580000 - 0x00007ff9477a1000 	C:\Windows\SYSTEM32\DBGHELP.DLL
0x00007ff93f060000 - 0x00007ff93f091000 	C:\Windows\SYSTEM32\dbgcore.DLL
0x00007ff955100000 - 0x00007ff95517f000 	C:\Windows\System32\bcryptPrimitives.dll
0x00007ff922050000 - 0x00007ff922078000 	C:\Program Files\Java\jdk-11.0.15.1\bin\java.dll
0x00007ff93ea30000 - 0x00007ff93ea3a000 	C:\Program Files\Java\jdk-11.0.15.1\bin\jimage.dll
0x00007ff952220000 - 0x00007ff95222e000 	C:\Program Files\Java\jdk-11.0.15.1\bin\instrument.dll
0x00007ff91afc0000 - 0x00007ff91afd6000 	C:\Program Files\Java\jdk-11.0.15.1\bin\zip.dll
0x00007ff955da0000 - 0x00007ff956558000 	C:\Windows\System32\SHELL32.dll
0x00007ff953000000 - 0x00007ff953868000 	C:\Windows\SYSTEM32\windows.storage.dll
0x00007ff956610000 - 0x00007ff956989000 	C:\Windows\System32\combase.dll
0x00007ff952e90000 - 0x00007ff952ff6000 	C:\Windows\SYSTEM32\wintypes.dll
0x00007ff9575b0000 - 0x00007ff95769a000 	C:\Windows\System32\SHCORE.dll
0x00007ff957550000 - 0x00007ff9575ad000 	C:\Windows\System32\shlwapi.dll
0x00007ff954df0000 - 0x00007ff954e11000 	C:\Windows\SYSTEM32\profapi.dll
0x00007ff910ab0000 - 0x00007ff910ac9000 	C:\Program Files\Java\jdk-11.0.15.1\bin\net.dll
0x00007ff94f1e0000 - 0x00007ff94f2ec000 	C:\Windows\SYSTEM32\WINHTTP.dll
0x00007ff9543f0000 - 0x00007ff954457000 	C:\Windows\system32\mswsock.dll
0x00007ff8fd0f0000 - 0x00007ff8fd102000 	C:\Program Files\Java\jdk-11.0.15.1\bin\nio.dll
0x00007ff9377d0000 - 0x00007ff9377ea000 	C:\Program Files\JetBrains\IntelliJ IDEA 2022.2.2\bin\breakgen64.dll
0x00007ff953b30000 - 0x00007ff953c18000 	C:\Windows\SYSTEM32\DNSAPI.dll
0x00007ff953b00000 - 0x00007ff953b2d000 	C:\Windows\SYSTEM32\IPHLPAPI.DLL
0x00007ff956990000 - 0x00007ff956999000 	C:\Windows\System32\NSI.dll
0x00007ff9470f0000 - 0x00007ff9470fa000 	C:\Windows\System32\rasadhlp.dll
0x00007ff94da60000 - 0x00007ff94dae1000 	C:\Windows\System32\fwpuclnt.dll
0x00007ff952210000 - 0x00007ff952219000 	C:\Program Files\Java\jdk-11.0.15.1\bin\management.dll
0x00007ff951540000 - 0x00007ff95154b000 	C:\Program Files\Java\jdk-11.0.15.1\bin\management_ext.dll
0x00007ff954640000 - 0x00007ff954658000 	C:\Windows\SYSTEM32\CRYPTSP.dll
0x00007ff953f20000 - 0x00007ff953f55000 	C:\Windows\system32\rsaenh.dll
0x00007ff9544e0000 - 0x00007ff954509000 	C:\Windows\SYSTEM32\USERENV.dll
0x00007ff9547b0000 - 0x00007ff9547d7000 	C:\Windows\SYSTEM32\bcrypt.dll
0x00007ff954630000 - 0x00007ff95463c000 	C:\Windows\SYSTEM32\CRYPTBASE.dll
0x00007ff94e7d0000 - 0x00007ff94e7e9000 	C:\Windows\SYSTEM32\dhcpcsvc6.DLL
0x00007ff94fbd0000 - 0x00007ff94fbee000 	C:\Windows\SYSTEM32\dhcpcsvc.DLL
0x00007ff92ebd0000 - 0x00007ff92ebe7000 	C:\Windows\system32\napinsp.dll
0x00007ff92eb10000 - 0x00007ff92eb2b000 	C:\Windows\system32\pnrpnsp.dll
0x00007ff92de60000 - 0x00007ff92de72000 	C:\Windows\System32\winrnr.dll
0x00007ff92de40000 - 0x00007ff92de55000 	C:\Windows\system32\wshbth.dll
0x00007ff92d270000 - 0x00007ff92d28f000 	C:\Windows\system32\nlansp_c.dll
0x00007ff921a80000 - 0x00007ff921aa5000 	C:\Program Files\Java\jdk-11.0.15.1\bin\sunec.dll
0x00007ff951530000 - 0x00007ff95153d000 	C:\Program Files\Java\jdk-11.0.15.1\bin\sunmscapi.dll
0x00007ff954ef0000 - 0x00007ff955052000 	C:\Windows\System32\CRYPT32.dll
0x00007ff954780000 - 0x00007ff9547a8000 	C:\Windows\SYSTEM32\ncrypt.dll
0x00007ff954740000 - 0x00007ff954777000 	C:\Windows\SYSTEM32\NTASN1.dll

dbghelp: loaded successfully - version: 4.0.5 - missing functions: none
symbol engine: initialized successfully - sym options: 0x614 - pdb path: .;C:\Program Files\Java\jdk-11.0.15.1\bin;C:\Windows\SYSTEM32;C:\Windows\WinSxS\amd64_microsoft.windows.common-controls_6595b64144ccf1df_6.0.22000.120_none_9d947278b86cc467;C:\Program Files\Java\jdk-11.0.15.1\bin\server;C:\Program Files\JetBrains\IntelliJ IDEA 2022.2.2\bin

VM Arguments:
jvm_args: -XX:TieredStopAtLevel=1 -Xverify:none -Dspring.output.ansi.enabled=always -Dcom.sun.management.jmxremote -Dspring.jmx.enabled=true -Dspring.liveBeansView.mbeanDomain -Dspring.application.admin.enabled=true -javaagent:C:\Program Files\JetBrains\IntelliJ IDEA 2022.2.2\lib\idea_rt.jar=52583:C:\Program Files\JetBrains\IntelliJ IDEA 2022.2.2\bin -Dfile.encoding=UTF-8 
java_command: com.ciclo3.reto.reto3.Reto3Application
java_class_path (initial): C:\Users\july\IdeaProjects\Reto3\target\classes;C:\Users\july\.m2\repository\org\springframework\boot\spring-boot-starter-data-jpa\2.7.4\spring-boot-starter-data-jpa-2.7.4.jar;C:\Users\july\.m2\repository\org\springframework\boot\spring-boot-starter-aop\2.7.4\spring-boot-starter-aop-2.7.4.jar;C:\Users\july\.m2\repository\org\springframework\spring-aop\5.3.23\spring-aop-5.3.23.jar;C:\Users\july\.m2\repository\org\aspectj\aspectjweaver\1.9.7\aspectjweaver-1.9.7.jar;C:\Users\july\.m2\repository\org\springframework\boot\spring-boot-starter-jdbc\2.7.4\spring-boot-starter-jdbc-2.7.4.jar;C:\Users\july\.m2\repository\com\zaxxer\HikariCP\4.0.3\HikariCP-4.0.3.jar;C:\Users\july\.m2\repository\org\springframework\spring-jdbc\5.3.23\spring-jdbc-5.3.23.jar;C:\Users\july\.m2\repository\jakarta\transaction\jakarta.transaction-api\1.3.3\jakarta.transaction-api-1.3.3.jar;C:\Users\july\.m2\repository\jakarta\persistence\jakarta.persistence-api\2.2.3\jakarta.persistence-api-2.2.3.jar;C:\Users\july\.m2\repository\org\hibernate\hibernate-core\5.6.11.Final\hibernate-core-5.6.11.Final.jar;C:\Users\july\.m2\repository\org\jboss\logging\jboss-logging\3.4.3.Final\jboss-logging-3.4.3.Final.jar;C:\Users\july\.m2\repository\net\bytebuddy\byte-buddy\1.12.17\byte-buddy-1.12.17.jar;C:\Users\july\.m2\repository\antlr\antlr\2.7.7\antlr-2.7.7.jar;C:\Users\july\.m2\repository\org\jboss\jandex\2.4.2.Final\jandex-2.4.2.Final.jar;C:\Users\july\.m2\repository\com\fasterxml\classmate\1.5.1\classmate-1.5.1.jar;C:\Users\july\.m2\repository\org\hibernate\common\hibernate-commons-annotations\5.1.2.Final\hibernate-commons-annotations-5.1.2.Final.jar;C:\Users\july\.m2\repository\org\glassfish\jaxb\jaxb-runtime\2.3.6\jaxb-runtime-2.3.6.jar;C:\Users\july\.m2\repository\org\glassfish\jaxb\txw2\2.3.6\txw2-2.3.6.jar;C:\Users\july\.m2\repository\com\sun\istack\istack-commons-runtime\3.0.12\istack-commons-runtime-3.0.12.jar;C:\Users\july\.m2\repository\org\springframework\data\spring-data-jp
Launcher Type: SUN_STANDARD

[Global flags]
     bool BytecodeVerificationLocal                = false                                     {product} {command line}
     bool BytecodeVerificationRemote               = false                                     {product} {command line}
     intx CICompilerCount                          = 4                                         {product} {ergonomic}
     uint ConcGCThreads                            = 2                                         {product} {ergonomic}
     uint G1ConcRefinementThreads                  = 8                                         {product} {ergonomic}
   size_t G1HeapRegionSize                         = 1048576                                   {product} {ergonomic}
    uintx GCDrainStackTargetSize                   = 64                                        {product} {ergonomic}
   size_t InitialHeapSize                          = 132120576                                 {product} {ergonomic}
     bool ManagementServer                         = true                                      {product} {command line}
   size_t MarkStackSize                            = 4194304                                   {product} {ergonomic}
   size_t MaxHeapSize                              = 2105540608                                {product} {ergonomic}
   size_t MaxNewSize                               = 1262485504                                {product} {ergonomic}
   size_t MinHeapDeltaBytes                        = 1048576                                   {product} {ergonomic}
    uintx NonNMethodCodeHeapSize                   = 7549744                                {pd product} {ergonomic}
    uintx NonProfiledCodeHeapSize                  = 244108496                              {pd product} {ergonomic}
    uintx ProfiledCodeHeapSize                     = 0                                      {pd product} {ergonomic}
    uintx ReservedCodeCacheSize                    = 251658240                              {pd product} {ergonomic}
     bool SegmentedCodeCache                       = true                                      {product} {ergonomic}
     intx TieredStopAtLevel                        = 1                                         {product} {command line}
     bool UseCompressedClassPointers               = true                                 {lp64_product} {ergonomic}
     bool UseCompressedOops                        = true                                 {lp64_product} {ergonomic}
     bool UseG1GC                                  = true                                      {product} {ergonomic}
     bool UseLargePagesIndividualAllocation        = false                                  {pd product} {ergonomic}

Logging:
Log output configuration:
 #0: stdout all=warning uptime,level,tags
 #1: stderr all=off uptime,level,tags

Environment Variables:
PATH=C:\Program Files\Common Files\Oracle\Java\javapath;C:\Windows\system32;C:\Windows;C:\Windows\System32\Wbem;C:\Windows\System32\WindowsPowerShell\v1.0\;C:\Windows\System32\OpenSSH\;C:\Program Files\Git\cmd;C:\Program Files\MySQL\MySQL Shell 8.0\bin\;C:\Users\july\AppData\Local\Programs\Python\Python310\Scripts\;C:\Users\july\AppData\Local\Programs\Python\Python310\;C:\Users\july\AppData\Local\Microsoft\WindowsApps;;C:\Users\july\AppData\Local\Programs\Microsoft VS Code\bin;C:\Program Files\JetBrains\IntelliJ IDEA 2022.2.2\bin;
USERNAME=july
OS=Windows_NT
PROCESSOR_IDENTIFIER=Intel64 Family 6 Model 142 Stepping 12, GenuineIntel



---------------  S Y S T E M  ---------------

OS: Windows 11 , 64 bit Build 22000 (10.0.22000.708)

CPU:total 8 (initial active 8) (4 cores per cpu, 2 threads per core) family 6 model 142 stepping 12 microcode 0xea, cmov, cx8, fxsr, mmx, sse, sse2, sse3, ssse3, sse4.1, sse4.2, popcnt, avx, avx2, aes, clmul, erms, 3dnowpref, lzcnt, ht, tsc, tscinvbit, bmi1, bmi2, adx, fma

Memory: 4k page, system-wide physical 8025M (57M free)
TotalPageFile size 32601M (AvailPageFile size 4M)
current process WorkingSet (physical memory assigned to process): 198M, peak: 198M
current process commit charge ("private bytes"): 272M, peak: 298M

vm_info: Java HotSpot(TM) 64-Bit Server VM (11.0.15.1+2-LTS-10) for windows-amd64 JRE (11.0.15.1+2-LTS-10), built on Apr 25 2022 21:51:57 by "mach5one" with MS VC++ 15.9 (VS2017)

END.
